{
  "stats": {
    "suites": 1,
    "tests": 1,
    "passes": 1,
    "pending": 0,
    "failures": 0,
    "start": "2021-03-29T17:12:19.497Z",
    "end": "2021-03-29T17:12:21.565Z",
    "duration": 2068,
    "testsRegistered": 1,
    "passPercent": 100,
    "pendingPercent": 0,
    "other": 0,
    "hasOther": false,
    "skipped": 0,
    "hasSkipped": false
  },
  "results": [
    {
      "uuid": "c3c9ce90-9b83-4ea9-9c2d-2094ac5c537a",
      "title": "",
      "fullFile": "cypress\\integration\\examples\\factorial-negative(symbol).js",
      "file": "cypress\\integration\\examples\\factorial-negative(symbol).js",
      "beforeHooks": [],
      "afterHooks": [],
      "tests": [],
      "suites": [
        {
          "uuid": "80421dd7-58b3-4896-a5c3-65a8db4876bd",
          "title": "Quality Assurance on Simple Factorial Web App",
          "fullFile": "",
          "file": "",
          "beforeHooks": [],
          "afterHooks": [],
          "tests": [
            {
              "title": "Factorial",
              "fullTitle": "Quality Assurance on Simple Factorial Web App Factorial",
              "timedOut": null,
              "duration": 1546,
              "state": "passed",
              "speed": "slow",
              "pass": true,
              "fail": false,
              "pending": false,
              "context": null,
              "code": "cy.visit(\"http://z29vzcbmaw5kaw5nigzvcib5b3u.prospace.io/\");\ncy.get('#number').type('%'); ///symbol\ncy.get('#getFactorial').click();\ncy.get('#resultDiv').should('be.visible').contains('Please enter an integer');",
              "err": {},
              "uuid": "0dc966bd-7ab4-4226-bfb1-c9b61c61dff9",
              "parentUUID": "80421dd7-58b3-4896-a5c3-65a8db4876bd",
              "isHook": false,
              "skipped": false
            }
          ],
          "suites": [],
          "passes": [
            "0dc966bd-7ab4-4226-bfb1-c9b61c61dff9"
          ],
          "failures": [],
          "pending": [],
          "skipped": [],
          "duration": 1546,
          "root": false,
          "rootEmpty": false,
          "_timeout": 2000
        }
      ],
      "passes": [],
      "failures": [],
      "pending": [],
      "skipped": [],
      "duration": 0,
      "root": true,
      "rootEmpty": true,
      "_timeout": 2000
    }
  ],
  "meta": {
    "mocha": {
      "version": "7.0.1"
    },
    "mochawesome": {
      "options": {
        "quiet": false,
        "reportFilename": "mochawesome",
        "saveHtml": true,
        "saveJson": true,
        "consoleReporter": "spec",
        "useInlineDiffs": false,
        "code": true
      },
      "version": "6.2.2"
    },
    "marge": {
      "options": null,
      "version": "5.2.0"
    }
  }
}